<?xml version="1.0" encoding="UTF-8"?>
<testng-results skipped="0" failed="4" total="4" passed="0">
  <reporter-output>
  </reporter-output>
  <suite name="Suite" duration-ms="283799" started-at="2021-10-15T15:24:18Z" finished-at="2021-10-15T15:29:02Z">
    <groups>
    </groups>
    <test name="TestOne" duration-ms="283799" started-at="2021-10-15T15:24:18Z" finished-at="2021-10-15T15:29:02Z">
      <class name="packageOne.ClassTwo">
        <test-method status="FAIL" signature="testTwo()[pri:0, instance:packageOne.ClassTwo@445b84c0]" name="testTwo" duration-ms="50111" started-at="2021-10-15T20:55:13Z" finished-at="2021-10-15T20:56:03Z">
          <exception class="org.openqa.selenium.WebDriverException">
            <message>
              <![CDATA[Failed to connect to binary FirefoxBinary(C:\Program Files (x86)\Mozilla Firefox\firefox.exe) on port 7055; process output follows: 
Crash Annotation GraphicsCriticalError: |[G0][GFX1-]: RcANGLE(no compositor window) (t=10.8534) [GFX1-]: RcANGLE(no compositor window)
Crash Annotation GraphicsCriticalError: |[0][GFX1-]: Failed to connect WebRenderBridgeChild. (t=21.5087) [GFX1-]: Failed to connect WebRenderBridgeChild.
Crash Annotation GraphicsCriticalError: |[0][GFX1-]: Failed to connect WebRenderBridgeChild. (t=21.5087) |[1][GFX1-]: Fallback WR to SW-WR + D3D11 (t=21.5087) [GFX1-]: Fallback WR to SW-WR + D3D11
Crash Annotation GraphicsCriticalError: |[G0][GFX1-]: RcANGLE(no compositor window) (t=10.8534) |[G1][GFX1-]: [D3D11] create swap chain failed: 0x887a0022, 0 (t=12.2534) [GFX1-]: [D3D11] create swap chain failed: 0x887a0022, 0
Crash Annotation GraphicsCriticalError: |[G0][GFX1-]: RcANGLE(no compositor window) (t=10.8534) |[G1][GFX1-]: [D3D11] create swap chain failed: 0x887a0022, 0 (t=12.2534) |[G2][GFX1-]: Failed to initialize CompositorD3D11 for SWGL: FEATURE_FAILURE_D3D11_SWAP_CHAIN (t=12.2534) [GFX1-]: Failed to initialize CompositorD3D11 for SWGL: FEATURE_FAILURE_D3D11_SWAP_CHAIN
Crash Annotation GraphicsCriticalError: |[G0][GFX1-]: RcANGLE(no compositor window) (t=10.8534) |[G1][GFX1-]: [D3D11] create swap chain failed: 0x887a0022, 0 (t=12.2534) |[G2][GFX1-]: Failed to initialize CompositorD3D11 for SWGL: FEATURE_FAILURE_D3D11_SWAP_CHAIN (t=12.2534) |[G3][GFX1-]: [D3D11] create swap chain failed: 0x887a0022, 0 (t=15.2234) [GFX1-]: [D3D11] create swap chain failed: 0x887a0022, 0
Crash Annotation GraphicsCriticalError: |[G0][GFX1-]: RcANGLE(no compositor window) (t=10.8534) |[G1][GFX1-]: [D3D11] create swap chain failed: 0x887a0022, 0 (t=12.2534) |[G2][GFX1-]: Failed to initialize CompositorD3D11 for SWGL: FEATURE_FAILURE_D3D11_SWAP_CHAIN (t=12.2534) |[G3][GFX1-]: [D3D11] create swap chain failed: 0x887a0022, 0 (t=15.2234) |[G4][GFX1-]: Failed to initialize CompositorD3D11 for SWGL: FEATURE_FAILURE_D3D11_SWAP_CHAIN (t=15.2234) [GFX1-]: Failed to initialize CompositorD3D11 for SWGL: FEATURE_FAILURE_D3D11_SWAP_CHAIN
JavaScript error: resource://gre/modules/XULStore.jsm, line 66: Error: Can't find profile directory.
Crash Annotation GraphicsCriticalError: |[G0][GFX1-]: RcANGLE(no compositor window) (t=10.8534) |[G1][GFX1-]: [D3D11] create swap chain failed: 0x887a0022, 0 (t=12.2534) |[G2][GFX1-]: Failed to initialize CompositorD3D11 for SWGL: FEATURE_FAILURE_D3D11_SWAP_CHAIN (t=12.2534) |[G3][GFX1-]: [D3D11] create swap chain failed: 0x887a0022, 0 (t=15.2234) |[G4][GFX1-]: Failed to initialize CompositorD3D11 for SWGL: FEATURE_FAILURE_D3D11_SWAP_CHAIN (t=15.2234) |[G5][GFX1-]: [D3D11] create swap chain failed: 0x887a0022, 0 (t=148.043) [GFX1-]: [D3D11] create swap chain failed: 0x887a0022, 0
Crash Annotation GraphicsCriticalError: |[G0][GFX1-]: RcANGLE(no compositor window) (t=10.8534) |[G1][GFX1-]: [D3D11] create swap chain failed: 0x887a0022, 0 (t=12.2534) |[G2][GFX1-]: Failed to initialize CompositorD3D11 for SWGL: FEATURE_FAILURE_D3D11_SWAP_CHAIN (t=12.2534) |[G3][GFX1-]: [D3D11] create swap chain failed: 0x887a0022, 0 (t=15.2234) |[G4][GFX1-]: Failed to initialize CompositorD3D11 for SWGL: FEATURE_FAILURE_D3D11_SWAP_CHAIN (t=15.2234) |[G5][GFX1-]: [D3D11] create swap chain failed: 0x887a0022, 0 (t=148.043) |[G6][GFX1-]: Failed to initialize CompositorD3D11 for SWGL: FEATURE_FAILURE_D3D11_SWAP_CHAIN (t=148.043) [GFX1-]: Failed to initialize CompositorD3D11 for SWGL: FEATURE_FAILURE_D3D11_SWAP_CHAIN

Build info: version: '2.53.1', revision: 'a36b8b1', time: '2016-06-30 17:32:46'
System info: host: 'Yogesh', ip: '192.168.29.97', os.name: 'Windows 10', os.arch: 'amd64', os.version: '10.0', java.version: '1.8.0_66'
Driver info: driver.version: FirefoxDriver]]>
            </message>
            <full-stacktrace>
              <![CDATA[org.openqa.selenium.WebDriverException: Failed to connect to binary FirefoxBinary(C:\Program Files (x86)\Mozilla Firefox\firefox.exe) on port 7055; process output follows: 
Crash Annotation GraphicsCriticalError: |[G0][GFX1-]: RcANGLE(no compositor window) (t=10.8534) [GFX1-]: RcANGLE(no compositor window)
Crash Annotation GraphicsCriticalError: |[0][GFX1-]: Failed to connect WebRenderBridgeChild. (t=21.5087) [GFX1-]: Failed to connect WebRenderBridgeChild.
Crash Annotation GraphicsCriticalError: |[0][GFX1-]: Failed to connect WebRenderBridgeChild. (t=21.5087) |[1][GFX1-]: Fallback WR to SW-WR + D3D11 (t=21.5087) [GFX1-]: Fallback WR to SW-WR + D3D11
Crash Annotation GraphicsCriticalError: |[G0][GFX1-]: RcANGLE(no compositor window) (t=10.8534) |[G1][GFX1-]: [D3D11] create swap chain failed: 0x887a0022, 0 (t=12.2534) [GFX1-]: [D3D11] create swap chain failed: 0x887a0022, 0
Crash Annotation GraphicsCriticalError: |[G0][GFX1-]: RcANGLE(no compositor window) (t=10.8534) |[G1][GFX1-]: [D3D11] create swap chain failed: 0x887a0022, 0 (t=12.2534) |[G2][GFX1-]: Failed to initialize CompositorD3D11 for SWGL: FEATURE_FAILURE_D3D11_SWAP_CHAIN (t=12.2534) [GFX1-]: Failed to initialize CompositorD3D11 for SWGL: FEATURE_FAILURE_D3D11_SWAP_CHAIN
Crash Annotation GraphicsCriticalError: |[G0][GFX1-]: RcANGLE(no compositor window) (t=10.8534) |[G1][GFX1-]: [D3D11] create swap chain failed: 0x887a0022, 0 (t=12.2534) |[G2][GFX1-]: Failed to initialize CompositorD3D11 for SWGL: FEATURE_FAILURE_D3D11_SWAP_CHAIN (t=12.2534) |[G3][GFX1-]: [D3D11] create swap chain failed: 0x887a0022, 0 (t=15.2234) [GFX1-]: [D3D11] create swap chain failed: 0x887a0022, 0
Crash Annotation GraphicsCriticalError: |[G0][GFX1-]: RcANGLE(no compositor window) (t=10.8534) |[G1][GFX1-]: [D3D11] create swap chain failed: 0x887a0022, 0 (t=12.2534) |[G2][GFX1-]: Failed to initialize CompositorD3D11 for SWGL: FEATURE_FAILURE_D3D11_SWAP_CHAIN (t=12.2534) |[G3][GFX1-]: [D3D11] create swap chain failed: 0x887a0022, 0 (t=15.2234) |[G4][GFX1-]: Failed to initialize CompositorD3D11 for SWGL: FEATURE_FAILURE_D3D11_SWAP_CHAIN (t=15.2234) [GFX1-]: Failed to initialize CompositorD3D11 for SWGL: FEATURE_FAILURE_D3D11_SWAP_CHAIN
JavaScript error: resource://gre/modules/XULStore.jsm, line 66: Error: Can't find profile directory.
Crash Annotation GraphicsCriticalError: |[G0][GFX1-]: RcANGLE(no compositor window) (t=10.8534) |[G1][GFX1-]: [D3D11] create swap chain failed: 0x887a0022, 0 (t=12.2534) |[G2][GFX1-]: Failed to initialize CompositorD3D11 for SWGL: FEATURE_FAILURE_D3D11_SWAP_CHAIN (t=12.2534) |[G3][GFX1-]: [D3D11] create swap chain failed: 0x887a0022, 0 (t=15.2234) |[G4][GFX1-]: Failed to initialize CompositorD3D11 for SWGL: FEATURE_FAILURE_D3D11_SWAP_CHAIN (t=15.2234) |[G5][GFX1-]: [D3D11] create swap chain failed: 0x887a0022, 0 (t=148.043) [GFX1-]: [D3D11] create swap chain failed: 0x887a0022, 0
Crash Annotation GraphicsCriticalError: |[G0][GFX1-]: RcANGLE(no compositor window) (t=10.8534) |[G1][GFX1-]: [D3D11] create swap chain failed: 0x887a0022, 0 (t=12.2534) |[G2][GFX1-]: Failed to initialize CompositorD3D11 for SWGL: FEATURE_FAILURE_D3D11_SWAP_CHAIN (t=12.2534) |[G3][GFX1-]: [D3D11] create swap chain failed: 0x887a0022, 0 (t=15.2234) |[G4][GFX1-]: Failed to initialize CompositorD3D11 for SWGL: FEATURE_FAILURE_D3D11_SWAP_CHAIN (t=15.2234) |[G5][GFX1-]: [D3D11] create swap chain failed: 0x887a0022, 0 (t=148.043) |[G6][GFX1-]: Failed to initialize CompositorD3D11 for SWGL: FEATURE_FAILURE_D3D11_SWAP_CHAIN (t=148.043) [GFX1-]: Failed to initialize CompositorD3D11 for SWGL: FEATURE_FAILURE_D3D11_SWAP_CHAIN

Build info: version: '2.53.1', revision: 'a36b8b1', time: '2016-06-30 17:32:46'
System info: host: 'Yogesh', ip: '192.168.29.97', os.name: 'Windows 10', os.arch: 'amd64', os.version: '10.0', java.version: '1.8.0_66'
Driver info: driver.version: FirefoxDriver
	at org.openqa.selenium.firefox.internal.NewProfileExtensionConnection.start(NewProfileExtensionConnection.java:124)
	at org.openqa.selenium.firefox.FirefoxDriver.startClient(FirefoxDriver.java:271)
	at org.openqa.selenium.remote.RemoteWebDriver.<init>(RemoteWebDriver.java:119)
	at org.openqa.selenium.firefox.FirefoxDriver.<init>(FirefoxDriver.java:218)
	at org.openqa.selenium.firefox.FirefoxDriver.<init>(FirefoxDriver.java:211)
	at org.openqa.selenium.firefox.FirefoxDriver.<init>(FirefoxDriver.java:207)
	at org.openqa.selenium.firefox.FirefoxDriver.<init>(FirefoxDriver.java:120)
	at packageOne.ClassTwo.testTwo(Unknown Source)
	at sun.reflect.NativeMethodAccessorImpl.invoke0(Native Method)
	at sun.reflect.NativeMethodAccessorImpl.invoke(NativeMethodAccessorImpl.java:62)
	at sun.reflect.DelegatingMethodAccessorImpl.invoke(DelegatingMethodAccessorImpl.java:43)
	at java.lang.reflect.Method.invoke(Method.java:497)
	at org.testng.internal.MethodInvocationHelper.invokeMethod(MethodInvocationHelper.java:85)
	at org.testng.internal.Invoker.invokeMethod(Invoker.java:639)
	at org.testng.internal.Invoker.invokeTestMethod(Invoker.java:816)
	at org.testng.internal.Invoker.invokeTestMethods(Invoker.java:1124)
	at org.testng.internal.TestMethodWorker.invokeTestMethods(TestMethodWorker.java:125)
	at org.testng.internal.TestMethodWorker.run(TestMethodWorker.java:108)
	at org.testng.TestRunner.privateRun(TestRunner.java:774)
	at org.testng.TestRunner.run(TestRunner.java:624)
	at org.testng.SuiteRunner.runTest(SuiteRunner.java:359)
	at org.testng.SuiteRunner.runSequentially(SuiteRunner.java:354)
	at org.testng.SuiteRunner.privateRun(SuiteRunner.java:312)
	at org.testng.SuiteRunner.run(SuiteRunner.java:261)
	at org.testng.SuiteRunnerWorker.runSuite(SuiteRunnerWorker.java:52)
	at org.testng.SuiteRunnerWorker.run(SuiteRunnerWorker.java:86)
	at org.testng.TestNG.runSuitesSequentially(TestNG.java:1215)
	at org.testng.TestNG.runSuitesLocally(TestNG.java:1140)
	at org.testng.TestNG.run(TestNG.java:1048)
	at org.testng.TestNG.privateMain(TestNG.java:1355)
	at org.testng.TestNG.main(TestNG.java:1324)
Caused by: org.openqa.selenium.firefox.NotConnectedException: Unable to connect to host 127.0.0.1 on port 7055 after 45000 ms. Firefox console output:
Crash Annotation GraphicsCriticalError: |[G0][GFX1-]: RcANGLE(no compositor window) (t=10.8534) [GFX1-]: RcANGLE(no compositor window)
Crash Annotation GraphicsCriticalError: |[0][GFX1-]: Failed to connect WebRenderBridgeChild. (t=21.5087) [GFX1-]: Failed to connect WebRenderBridgeChild.
Crash Annotation GraphicsCriticalError: |[0][GFX1-]: Failed to connect WebRenderBridgeChild. (t=21.5087) |[1][GFX1-]: Fallback WR to SW-WR + D3D11 (t=21.5087) [GFX1-]: Fallback WR to SW-WR + D3D11
Crash Annotation GraphicsCriticalError: |[G0][GFX1-]: RcANGLE(no compositor window) (t=10.8534) |[G1][GFX1-]: [D3D11] create swap chain failed: 0x887a0022, 0 (t=12.2534) [GFX1-]: [D3D11] create swap chain failed: 0x887a0022, 0
Crash Annotation GraphicsCriticalError: |[G0][GFX1-]: RcANGLE(no compositor window) (t=10.8534) |[G1][GFX1-]: [D3D11] create swap chain failed: 0x887a0022, 0 (t=12.2534) |[G2][GFX1-]: Failed to initialize CompositorD3D11 for SWGL: FEATURE_FAILURE_D3D11_SWAP_CHAIN (t=12.2534) [GFX1-]: Failed to initialize CompositorD3D11 for SWGL: FEATURE_FAILURE_D3D11_SWAP_CHAIN
Crash Annotation GraphicsCriticalError: |[G0][GFX1-]: RcANGLE(no compositor window) (t=10.8534) |[G1][GFX1-]: [D3D11] create swap chain failed: 0x887a0022, 0 (t=12.2534) |[G2][GFX1-]: Failed to initialize CompositorD3D11 for SWGL: FEATURE_FAILURE_D3D11_SWAP_CHAIN (t=12.2534) |[G3][GFX1-]: [D3D11] create swap chain failed: 0x887a0022, 0 (t=15.2234) [GFX1-]: [D3D11] create swap chain failed: 0x887a0022, 0
Crash Annotation GraphicsCriticalError: |[G0][GFX1-]: RcANGLE(no compositor window) (t=10.8534) |[G1][GFX1-]: [D3D11] create swap chain failed: 0x887a0022, 0 (t=12.2534) |[G2][GFX1-]: Failed to initialize CompositorD3D11 for SWGL: FEATURE_FAILURE_D3D11_SWAP_CHAIN (t=12.2534) |[G3][GFX1-]: [D3D11] create swap chain failed: 0x887a0022, 0 (t=15.2234) |[G4][GFX1-]: Failed to initialize CompositorD3D11 for SWGL: FEATURE_FAILURE_D3D11_SWAP_CHAIN (t=15.2234) [GFX1-]: Failed to initialize CompositorD3D11 for SWGL: FEATURE_FAILURE_D3D11_SWAP_CHAIN
JavaScript error: resource://gre/modules/XULStore.jsm, line 66: Error: Can't find profile directory.
Crash Annotation GraphicsCriticalError: |[G0][GFX1-]: RcANGLE(no compositor window) (t=10.8534) |[G1][GFX1-]: [D3D11] create swap chain failed: 0x887a0022, 0 (t=12.2534) |[G2][GFX1-]: Failed to initialize CompositorD3D11 for SWGL: FEATURE_FAILURE_D3D11_SWAP_CHAIN (t=12.2534) |[G3][GFX1-]: [D3D11] create swap chain failed: 0x887a0022, 0 (t=15.2234) |[G4][GFX1-]: Failed to initialize CompositorD3D11 for SWGL: FEATURE_FAILURE_D3D11_SWAP_CHAIN (t=15.2234) |[G5][GFX1-]: [D3D11] create swap chain failed: 0x887a0022, 0 (t=148.043) [GFX1-]: [D3D11] create swap chain failed: 0x887a0022, 0
Crash Annotation GraphicsCriticalError: |[G0][GFX1-]: RcANGLE(no compositor window) (t=10.8534) |[G1][GFX1-]: [D3D11] create swap chain failed: 0x887a0022, 0 (t=12.2534) |[G2][GFX1-]: Failed to initialize CompositorD3D11 for SWGL: FEATURE_FAILURE_D3D11_SWAP_CHAIN (t=12.2534) |[G3][GFX1-]: [D3D11] create swap chain failed: 0x887a0022, 0 (t=15.2234) |[G4][GFX1-]: Failed to initialize CompositorD3D11 for SWGL: FEATURE_FAILURE_D3D11_SWAP_CHAIN (t=15.2234) |[G5][GFX1-]: [D3D11] create swap chain failed: 0x887a0022, 0 (t=148.043) |[G6][GFX1-]: Failed to initialize CompositorD3D11 for SWGL: FEATURE_FAILURE_D3D11_SWAP_CHAIN (t=148.043) [GFX1-]: Failed to initialize CompositorD3D11 for SWGL: FEATURE_FAILURE_D3D11_SWAP_CHAIN

	at org.openqa.selenium.firefox.internal.NewProfileExtensionConnection.start(NewProfileExtensionConnection.java:112)
	... 30 more
]]>
            </full-stacktrace>
          </exception> <!-- org.openqa.selenium.WebDriverException -->
          <reporter-output>
          </reporter-output>
        </test-method> <!-- testTwo -->
      </class> <!-- packageOne.ClassTwo -->
      <class name="packageOne.ClassOne">
        <test-method status="FAIL" signature="testOne()[pri:0, instance:packageOne.ClassOne@591f989e]" name="testOne" duration-ms="55148" started-at="2021-10-15T20:54:18Z" finished-at="2021-10-15T20:55:13Z">
          <exception class="org.openqa.selenium.WebDriverException">
            <message>
              <![CDATA[Failed to connect to binary FirefoxBinary(C:\Program Files (x86)\Mozilla Firefox\firefox.exe) on port 7055; process output follows: 
Crash Annotation GraphicsCriticalError: |[G0][GFX1-]: RcANGLE(no compositor window) (t=33.3065) [GFX1-]: RcANGLE(no compositor window)
Crash Annotation GraphicsCriticalError: |[0][GFX1-]: Failed to connect WebRenderBridgeChild. (t=55.1545) [GFX1-]: Failed to connect WebRenderBridgeChild.
Crash Annotation GraphicsCriticalError: |[0][GFX1-]: Failed to connect WebRenderBridgeChild. (t=55.1545) |[1][GFX1-]: Fallback WR to SW-WR + D3D11 (t=55.1545) [GFX1-]: Fallback WR to SW-WR + D3D11
Crash Annotation GraphicsCriticalError: |[G0][GFX1-]: RcANGLE(no compositor window) (t=33.3065) |[G1][GFX1-]: [D3D11] create swap chain failed: 0x887a0022, 0 (t=42.8365) [GFX1-]: [D3D11] create swap chain failed: 0x887a0022, 0
Crash Annotation GraphicsCriticalError: |[G0][GFX1-]: RcANGLE(no compositor window) (t=33.3065) |[G1][GFX1-]: [D3D11] create swap chain failed: 0x887a0022, 0 (t=42.8365) |[G2][GFX1-]: Failed to initialize CompositorD3D11 for SWGL: FEATURE_FAILURE_D3D11_SWAP_CHAIN (t=42.8365) [GFX1-]: Failed to initialize CompositorD3D11 for SWGL: FEATURE_FAILURE_D3D11_SWAP_CHAIN
Crash Annotation GraphicsCriticalError: |[G0][GFX1-]: RcANGLE(no compositor window) (t=33.3065) |[G1][GFX1-]: [D3D11] create swap chain failed: 0x887a0022, 0 (t=42.8365) |[G2][GFX1-]: Failed to initialize CompositorD3D11 for SWGL: FEATURE_FAILURE_D3D11_SWAP_CHAIN (t=42.8365) |[G3][GFX1-]: [D3D11] create swap chain failed: 0x887a0022, 0 (t=48.6165) [GFX1-]: [D3D11] create swap chain failed: 0x887a0022, 0
Crash Annotation GraphicsCriticalError: |[G0][GFX1-]: RcANGLE(no compositor window) (t=33.3065) |[G1][GFX1-]: [D3D11] create swap chain failed: 0x887a0022, 0 (t=42.8365) |[G2][GFX1-]: Failed to initialize CompositorD3D11 for SWGL: FEATURE_FAILURE_D3D11_SWAP_CHAIN (t=42.8365) |[G3][GFX1-]: [D3D11] create swap chain failed: 0x887a0022, 0 (t=48.6165) |[G4][GFX1-]: Failed to initialize CompositorD3D11 for SWGL: FEATURE_FAILURE_D3D11_SWAP_CHAIN (t=48.6165) [GFX1-]: Failed to initialize CompositorD3D11 for SWGL: FEATURE_FAILURE_D3D11_SWAP_CHAIN
JavaScript error: resource://gre/modules/XULStore.jsm, line 66: Error: Can't find profile directory.
Crash Annotation GraphicsCriticalError: |[G0][GFX1-]: RcANGLE(no compositor window) (t=33.3065) |[G1][GFX1-]: [D3D11] create swap chain failed: 0x887a0022, 0 (t=42.8365) |[G2][GFX1-]: Failed to initialize CompositorD3D11 for SWGL: FEATURE_FAILURE_D3D11_SWAP_CHAIN (t=42.8365) |[G3][GFX1-]: [D3D11] create swap chain failed: 0x887a0022, 0 (t=48.6165) |[G4][GFX1-]: Failed to initialize CompositorD3D11 for SWGL: FEATURE_FAILURE_D3D11_SWAP_CHAIN (t=48.6165) |[G5][GFX1-]: [D3D11] create swap chain failed: 0x887a0022, 0 (t=88.4665) [GFX1-]: [D3D11] create swap chain failed: 0x887a0022, 0
Crash Annotation GraphicsCriticalError: |[G0][GFX1-]: RcANGLE(no compositor window) (t=33.3065) |[G1][GFX1-]: [D3D11] create swap chain failed: 0x887a0022, 0 (t=42.8365) |[G2][GFX1-]: Failed to initialize CompositorD3D11 for SWGL: FEATURE_FAILURE_D3D11_SWAP_CHAIN (t=42.8365) |[G3][GFX1-]: [D3D11] create swap chain failed: 0x887a0022, 0 (t=48.6165) |[G4][GFX1-]: Failed to initialize CompositorD3D11 for SWGL: FEATURE_FAILURE_D3D11_SWAP_CHAIN (t=48.6165) |[G5][GFX1-]: [D3D11] create swap chain failed: 0x887a0022, 0 (t=88.4665) |[G6][GFX1-]: Failed to initialize CompositorD3D11 for SWGL: FEATURE_FAILURE_D3D11_SWAP_CHAIN (t=88.4665) [GFX1-]: Failed to initialize CompositorD3D11 for SWGL: FEATURE_FAILURE_D3D11_SWAP_CHAIN
[Parent 17284, IPC I/O Parent] WARNING: file /builds/worker/checkouts/gecko/ipc/chromium/src/base/process_util_win.cc:167

Build info: version: '2.53.1', revision: 'a36b8b1', time: '2016-06-30 17:32:46'
System info: host: 'Yogesh', ip: '192.168.29.97', os.name: 'Windows 10', os.arch: 'amd64', os.version: '10.0', java.version: '1.8.0_66'
Driver info: driver.version: FirefoxDriver]]>
            </message>
            <full-stacktrace>
              <![CDATA[org.openqa.selenium.WebDriverException: Failed to connect to binary FirefoxBinary(C:\Program Files (x86)\Mozilla Firefox\firefox.exe) on port 7055; process output follows: 
Crash Annotation GraphicsCriticalError: |[G0][GFX1-]: RcANGLE(no compositor window) (t=33.3065) [GFX1-]: RcANGLE(no compositor window)
Crash Annotation GraphicsCriticalError: |[0][GFX1-]: Failed to connect WebRenderBridgeChild. (t=55.1545) [GFX1-]: Failed to connect WebRenderBridgeChild.
Crash Annotation GraphicsCriticalError: |[0][GFX1-]: Failed to connect WebRenderBridgeChild. (t=55.1545) |[1][GFX1-]: Fallback WR to SW-WR + D3D11 (t=55.1545) [GFX1-]: Fallback WR to SW-WR + D3D11
Crash Annotation GraphicsCriticalError: |[G0][GFX1-]: RcANGLE(no compositor window) (t=33.3065) |[G1][GFX1-]: [D3D11] create swap chain failed: 0x887a0022, 0 (t=42.8365) [GFX1-]: [D3D11] create swap chain failed: 0x887a0022, 0
Crash Annotation GraphicsCriticalError: |[G0][GFX1-]: RcANGLE(no compositor window) (t=33.3065) |[G1][GFX1-]: [D3D11] create swap chain failed: 0x887a0022, 0 (t=42.8365) |[G2][GFX1-]: Failed to initialize CompositorD3D11 for SWGL: FEATURE_FAILURE_D3D11_SWAP_CHAIN (t=42.8365) [GFX1-]: Failed to initialize CompositorD3D11 for SWGL: FEATURE_FAILURE_D3D11_SWAP_CHAIN
Crash Annotation GraphicsCriticalError: |[G0][GFX1-]: RcANGLE(no compositor window) (t=33.3065) |[G1][GFX1-]: [D3D11] create swap chain failed: 0x887a0022, 0 (t=42.8365) |[G2][GFX1-]: Failed to initialize CompositorD3D11 for SWGL: FEATURE_FAILURE_D3D11_SWAP_CHAIN (t=42.8365) |[G3][GFX1-]: [D3D11] create swap chain failed: 0x887a0022, 0 (t=48.6165) [GFX1-]: [D3D11] create swap chain failed: 0x887a0022, 0
Crash Annotation GraphicsCriticalError: |[G0][GFX1-]: RcANGLE(no compositor window) (t=33.3065) |[G1][GFX1-]: [D3D11] create swap chain failed: 0x887a0022, 0 (t=42.8365) |[G2][GFX1-]: Failed to initialize CompositorD3D11 for SWGL: FEATURE_FAILURE_D3D11_SWAP_CHAIN (t=42.8365) |[G3][GFX1-]: [D3D11] create swap chain failed: 0x887a0022, 0 (t=48.6165) |[G4][GFX1-]: Failed to initialize CompositorD3D11 for SWGL: FEATURE_FAILURE_D3D11_SWAP_CHAIN (t=48.6165) [GFX1-]: Failed to initialize CompositorD3D11 for SWGL: FEATURE_FAILURE_D3D11_SWAP_CHAIN
JavaScript error: resource://gre/modules/XULStore.jsm, line 66: Error: Can't find profile directory.
Crash Annotation GraphicsCriticalError: |[G0][GFX1-]: RcANGLE(no compositor window) (t=33.3065) |[G1][GFX1-]: [D3D11] create swap chain failed: 0x887a0022, 0 (t=42.8365) |[G2][GFX1-]: Failed to initialize CompositorD3D11 for SWGL: FEATURE_FAILURE_D3D11_SWAP_CHAIN (t=42.8365) |[G3][GFX1-]: [D3D11] create swap chain failed: 0x887a0022, 0 (t=48.6165) |[G4][GFX1-]: Failed to initialize CompositorD3D11 for SWGL: FEATURE_FAILURE_D3D11_SWAP_CHAIN (t=48.6165) |[G5][GFX1-]: [D3D11] create swap chain failed: 0x887a0022, 0 (t=88.4665) [GFX1-]: [D3D11] create swap chain failed: 0x887a0022, 0
Crash Annotation GraphicsCriticalError: |[G0][GFX1-]: RcANGLE(no compositor window) (t=33.3065) |[G1][GFX1-]: [D3D11] create swap chain failed: 0x887a0022, 0 (t=42.8365) |[G2][GFX1-]: Failed to initialize CompositorD3D11 for SWGL: FEATURE_FAILURE_D3D11_SWAP_CHAIN (t=42.8365) |[G3][GFX1-]: [D3D11] create swap chain failed: 0x887a0022, 0 (t=48.6165) |[G4][GFX1-]: Failed to initialize CompositorD3D11 for SWGL: FEATURE_FAILURE_D3D11_SWAP_CHAIN (t=48.6165) |[G5][GFX1-]: [D3D11] create swap chain failed: 0x887a0022, 0 (t=88.4665) |[G6][GFX1-]: Failed to initialize CompositorD3D11 for SWGL: FEATURE_FAILURE_D3D11_SWAP_CHAIN (t=88.4665) [GFX1-]: Failed to initialize CompositorD3D11 for SWGL: FEATURE_FAILURE_D3D11_SWAP_CHAIN
[Parent 17284, IPC I/O Parent] WARNING: file /builds/worker/checkouts/gecko/ipc/chromium/src/base/process_util_win.cc:167

Build info: version: '2.53.1', revision: 'a36b8b1', time: '2016-06-30 17:32:46'
System info: host: 'Yogesh', ip: '192.168.29.97', os.name: 'Windows 10', os.arch: 'amd64', os.version: '10.0', java.version: '1.8.0_66'
Driver info: driver.version: FirefoxDriver
	at org.openqa.selenium.firefox.internal.NewProfileExtensionConnection.start(NewProfileExtensionConnection.java:124)
	at org.openqa.selenium.firefox.FirefoxDriver.startClient(FirefoxDriver.java:271)
	at org.openqa.selenium.remote.RemoteWebDriver.<init>(RemoteWebDriver.java:119)
	at org.openqa.selenium.firefox.FirefoxDriver.<init>(FirefoxDriver.java:218)
	at org.openqa.selenium.firefox.FirefoxDriver.<init>(FirefoxDriver.java:211)
	at org.openqa.selenium.firefox.FirefoxDriver.<init>(FirefoxDriver.java:207)
	at org.openqa.selenium.firefox.FirefoxDriver.<init>(FirefoxDriver.java:120)
	at packageOne.ClassOne.testOne(Unknown Source)
	at sun.reflect.NativeMethodAccessorImpl.invoke0(Native Method)
	at sun.reflect.NativeMethodAccessorImpl.invoke(NativeMethodAccessorImpl.java:62)
	at sun.reflect.DelegatingMethodAccessorImpl.invoke(DelegatingMethodAccessorImpl.java:43)
	at java.lang.reflect.Method.invoke(Method.java:497)
	at org.testng.internal.MethodInvocationHelper.invokeMethod(MethodInvocationHelper.java:85)
	at org.testng.internal.Invoker.invokeMethod(Invoker.java:639)
	at org.testng.internal.Invoker.invokeTestMethod(Invoker.java:816)
	at org.testng.internal.Invoker.invokeTestMethods(Invoker.java:1124)
	at org.testng.internal.TestMethodWorker.invokeTestMethods(TestMethodWorker.java:125)
	at org.testng.internal.TestMethodWorker.run(TestMethodWorker.java:108)
	at org.testng.TestRunner.privateRun(TestRunner.java:774)
	at org.testng.TestRunner.run(TestRunner.java:624)
	at org.testng.SuiteRunner.runTest(SuiteRunner.java:359)
	at org.testng.SuiteRunner.runSequentially(SuiteRunner.java:354)
	at org.testng.SuiteRunner.privateRun(SuiteRunner.java:312)
	at org.testng.SuiteRunner.run(SuiteRunner.java:261)
	at org.testng.SuiteRunnerWorker.runSuite(SuiteRunnerWorker.java:52)
	at org.testng.SuiteRunnerWorker.run(SuiteRunnerWorker.java:86)
	at org.testng.TestNG.runSuitesSequentially(TestNG.java:1215)
	at org.testng.TestNG.runSuitesLocally(TestNG.java:1140)
	at org.testng.TestNG.run(TestNG.java:1048)
	at org.testng.TestNG.privateMain(TestNG.java:1355)
	at org.testng.TestNG.main(TestNG.java:1324)
Caused by: org.openqa.selenium.firefox.NotConnectedException: Unable to connect to host 127.0.0.1 on port 7055 after 45000 ms. Firefox console output:
Crash Annotation GraphicsCriticalError: |[G0][GFX1-]: RcANGLE(no compositor window) (t=33.3065) [GFX1-]: RcANGLE(no compositor window)
Crash Annotation GraphicsCriticalError: |[0][GFX1-]: Failed to connect WebRenderBridgeChild. (t=55.1545) [GFX1-]: Failed to connect WebRenderBridgeChild.
Crash Annotation GraphicsCriticalError: |[0][GFX1-]: Failed to connect WebRenderBridgeChild. (t=55.1545) |[1][GFX1-]: Fallback WR to SW-WR + D3D11 (t=55.1545) [GFX1-]: Fallback WR to SW-WR + D3D11
Crash Annotation GraphicsCriticalError: |[G0][GFX1-]: RcANGLE(no compositor window) (t=33.3065) |[G1][GFX1-]: [D3D11] create swap chain failed: 0x887a0022, 0 (t=42.8365) [GFX1-]: [D3D11] create swap chain failed: 0x887a0022, 0
Crash Annotation GraphicsCriticalError: |[G0][GFX1-]: RcANGLE(no compositor window) (t=33.3065) |[G1][GFX1-]: [D3D11] create swap chain failed: 0x887a0022, 0 (t=42.8365) |[G2][GFX1-]: Failed to initialize CompositorD3D11 for SWGL: FEATURE_FAILURE_D3D11_SWAP_CHAIN (t=42.8365) [GFX1-]: Failed to initialize CompositorD3D11 for SWGL: FEATURE_FAILURE_D3D11_SWAP_CHAIN
Crash Annotation GraphicsCriticalError: |[G0][GFX1-]: RcANGLE(no compositor window) (t=33.3065) |[G1][GFX1-]: [D3D11] create swap chain failed: 0x887a0022, 0 (t=42.8365) |[G2][GFX1-]: Failed to initialize CompositorD3D11 for SWGL: FEATURE_FAILURE_D3D11_SWAP_CHAIN (t=42.8365) |[G3][GFX1-]: [D3D11] create swap chain failed: 0x887a0022, 0 (t=48.6165) [GFX1-]: [D3D11] create swap chain failed: 0x887a0022, 0
Crash Annotation GraphicsCriticalError: |[G0][GFX1-]: RcANGLE(no compositor window) (t=33.3065) |[G1][GFX1-]: [D3D11] create swap chain failed: 0x887a0022, 0 (t=42.8365) |[G2][GFX1-]: Failed to initialize CompositorD3D11 for SWGL: FEATURE_FAILURE_D3D11_SWAP_CHAIN (t=42.8365) |[G3][GFX1-]: [D3D11] create swap chain failed: 0x887a0022, 0 (t=48.6165) |[G4][GFX1-]: Failed to initialize CompositorD3D11 for SWGL: FEATURE_FAILURE_D3D11_SWAP_CHAIN (t=48.6165) [GFX1-]: Failed to initialize CompositorD3D11 for SWGL: FEATURE_FAILURE_D3D11_SWAP_CHAIN
JavaScript error: resource://gre/modules/XULStore.jsm, line 66: Error: Can't find profile directory.
Crash Annotation GraphicsCriticalError: |[G0][GFX1-]: RcANGLE(no compositor window) (t=33.3065) |[G1][GFX1-]: [D3D11] create swap chain failed: 0x887a0022, 0 (t=42.8365) |[G2][GFX1-]: Failed to initialize CompositorD3D11 for SWGL: FEATURE_FAILURE_D3D11_SWAP_CHAIN (t=42.8365) |[G3][GFX1-]: [D3D11] create swap chain failed: 0x887a0022, 0 (t=48.6165) |[G4][GFX1-]: Failed to initialize CompositorD3D11 for SWGL: FEATURE_FAILURE_D3D11_SWAP_CHAIN (t=48.6165) |[G5][GFX1-]: [D3D11] create swap chain failed: 0x887a0022, 0 (t=88.4665) [GFX1-]: [D3D11] create swap chain failed: 0x887a0022, 0
Crash Annotation GraphicsCriticalError: |[G0][GFX1-]: RcANGLE(no compositor window) (t=33.3065) |[G1][GFX1-]: [D3D11] create swap chain failed: 0x887a0022, 0 (t=42.8365) |[G2][GFX1-]: Failed to initialize CompositorD3D11 for SWGL: FEATURE_FAILURE_D3D11_SWAP_CHAIN (t=42.8365) |[G3][GFX1-]: [D3D11] create swap chain failed: 0x887a0022, 0 (t=48.6165) |[G4][GFX1-]: Failed to initialize CompositorD3D11 for SWGL: FEATURE_FAILURE_D3D11_SWAP_CHAIN (t=48.6165) |[G5][GFX1-]: [D3D11] create swap chain failed: 0x887a0022, 0 (t=88.4665) |[G6][GFX1-]: Failed to initialize CompositorD3D11 for SWGL: FEATURE_FAILURE_D3D11_SWAP_CHAIN (t=88.4665) [GFX1-]: Failed to initialize CompositorD3D11 for SWGL: FEATURE_FAILURE_D3D11_SWAP_CHAIN
[Parent 17284, IPC I/O Parent] WARNING: file /builds/worker/checkouts/gecko/ipc/chromium/src/base/process_util_win.cc:167

	at org.openqa.selenium.firefox.internal.NewProfileExtensionConnection.start(NewProfileExtensionConnection.java:112)
	... 30 more
]]>
            </full-stacktrace>
          </exception> <!-- org.openqa.selenium.WebDriverException -->
          <reporter-output>
          </reporter-output>
        </test-method> <!-- testOne -->
      </class> <!-- packageOne.ClassOne -->
      <class name="packageOne.ClassFour">
        <test-method status="FAIL" signature="testFour()[pri:0, instance:packageOne.ClassFour@233c0b17]" name="testFour" duration-ms="113172" started-at="2021-10-15T20:57:09Z" finished-at="2021-10-15T20:59:02Z">
          <exception class="org.openqa.selenium.WebDriverException">
            <message>
              <![CDATA[Failed to connect to binary FirefoxBinary(C:\Program Files (x86)\Mozilla Firefox\firefox.exe) on port 7055; process output follows: 
Crash Annotation GraphicsCriticalError: |[G0][GFX1-]: RcANGLE(no compositor window) (t=34.5199) [GFX1-]: RcANGLE(no compositor window)
Crash Annotation GraphicsCriticalError: |[0][GFX1-]: Failed to connect WebRenderBridgeChild. (t=109.935) [GFX1-]: Failed to connect WebRenderBridgeChild.
Crash Annotation GraphicsCriticalError: |[0][GFX1-]: Failed to connect WebRenderBridgeChild. (t=109.935) |[1][GFX1-]: Fallback WR to SW-WR + D3D11 (t=109.935) [GFX1-]: Fallback WR to SW-WR + D3D11
Crash Annotation GraphicsCriticalError: |[G0][GFX1-]: RcANGLE(no compositor window) (t=34.5199) |[G1][GFX1-]: [D3D11] create swap chain failed: 0x887a0022, 0 (t=36.2399) [GFX1-]: [D3D11] create swap chain failed: 0x887a0022, 0
Crash Annotation GraphicsCriticalError: |[G0][GFX1-]: RcANGLE(no compositor window) (t=34.5199) |[G1][GFX1-]: [D3D11] create swap chain failed: 0x887a0022, 0 (t=36.2399) |[G2][GFX1-]: Failed to initialize CompositorD3D11 for SWGL: FEATURE_FAILURE_D3D11_SWAP_CHAIN (t=36.2399) [GFX1-]: Failed to initialize CompositorD3D11 for SWGL: FEATURE_FAILURE_D3D11_SWAP_CHAIN
Crash Annotation GraphicsCriticalError: |[G0][GFX1-]: RcANGLE(no compositor window) (t=34.5199) |[G1][GFX1-]: [D3D11] create swap chain failed: 0x887a0022, 0 (t=36.2399) |[G2][GFX1-]: Failed to initialize CompositorD3D11 for SWGL: FEATURE_FAILURE_D3D11_SWAP_CHAIN (t=36.2399) |[G3][GFX1-]: [D3D11] create swap chain failed: 0x887a0022, 0 (t=38.4299) [GFX1-]: [D3D11] create swap chain failed: 0x887a0022, 0
Crash Annotation GraphicsCriticalError: |[G0][GFX1-]: RcANGLE(no compositor window) (t=34.5199) |[G1][GFX1-]: [D3D11] create swap chain failed: 0x887a0022, 0 (t=36.2399) |[G2][GFX1-]: Failed to initialize CompositorD3D11 for SWGL: FEATURE_FAILURE_D3D11_SWAP_CHAIN (t=36.2399) |[G3][GFX1-]: [D3D11] create swap chain failed: 0x887a0022, 0 (t=38.4299) |[G4][GFX1-]: Failed to initialize CompositorD3D11 for SWGL: FEATURE_FAILURE_D3D11_SWAP_CHAIN (t=38.4299) [GFX1-]: Failed to initialize CompositorD3D11 for SWGL: FEATURE_FAILURE_D3D11_SWAP_CHAIN
JavaScript error: resource://gre/modules/XULStore.jsm, line 66: Error: Can't find profile directory.
Crash Annotation GraphicsCriticalError: |[G0][GFX1-]: RcANGLE(no compositor window) (t=34.5199) |[G1][GFX1-]: [D3D11] create swap chain failed: 0x887a0022, 0 (t=36.2399) |[G2][GFX1-]: Failed to initialize CompositorD3D11 for SWGL: FEATURE_FAILURE_D3D11_SWAP_CHAIN (t=36.2399) |[G3][GFX1-]: [D3D11] create swap chain failed: 0x887a0022, 0 (t=38.4299) |[G4][GFX1-]: Failed to initialize CompositorD3D11 for SWGL: FEATURE_FAILURE_D3D11_SWAP_CHAIN (t=38.4299) |[G5][GFX1-]: [D3D11] create swap chain failed: 0x887a0022, 0 (t=115.62) [GFX1-]: [D3D11] create swap chain failed: 0x887a0022, 0
Crash Annotation GraphicsCriticalError: |[G0][GFX1-]: RcANGLE(no compositor window) (t=34.5199) |[G1][GFX1-]: [D3D11] create swap chain failed: 0x887a0022, 0 (t=36.2399) |[G2][GFX1-]: Failed to initialize CompositorD3D11 for SWGL: FEATURE_FAILURE_D3D11_SWAP_CHAIN (t=36.2399) |[G3][GFX1-]: [D3D11] create swap chain failed: 0x887a0022, 0 (t=38.4299) |[G4][GFX1-]: Failed to initialize CompositorD3D11 for SWGL: FEATURE_FAILURE_D3D11_SWAP_CHAIN (t=38.4299) |[G5][GFX1-]: [D3D11] create swap chain failed: 0x887a0022, 0 (t=115.62) |[G6][GFX1-]: Failed to initialize CompositorD3D11 for SWGL: FEATURE_FAILURE_D3D11_SWAP_CHAIN (t=115.77) [GFX1-]: Failed to initialize CompositorD3D11 for SWGL: FEATURE_FAILURE_D3D11_SWAP_CHAIN

###!!! [Parent][RunMessage] Error: Channel error: cannot send/recv


###!!! [Parent][RunMessage] Error: Channel error: cannot send/recv


Build info: version: '2.53.1', revision: 'a36b8b1', time: '2016-06-30 17:32:46'
System info: host: 'Yogesh', ip: '192.168.29.97', os.name: 'Windows 10', os.arch: 'amd64', os.version: '10.0', java.version: '1.8.0_66'
Driver info: driver.version: FirefoxDriver]]>
            </message>
            <full-stacktrace>
              <![CDATA[org.openqa.selenium.WebDriverException: Failed to connect to binary FirefoxBinary(C:\Program Files (x86)\Mozilla Firefox\firefox.exe) on port 7055; process output follows: 
Crash Annotation GraphicsCriticalError: |[G0][GFX1-]: RcANGLE(no compositor window) (t=34.5199) [GFX1-]: RcANGLE(no compositor window)
Crash Annotation GraphicsCriticalError: |[0][GFX1-]: Failed to connect WebRenderBridgeChild. (t=109.935) [GFX1-]: Failed to connect WebRenderBridgeChild.
Crash Annotation GraphicsCriticalError: |[0][GFX1-]: Failed to connect WebRenderBridgeChild. (t=109.935) |[1][GFX1-]: Fallback WR to SW-WR + D3D11 (t=109.935) [GFX1-]: Fallback WR to SW-WR + D3D11
Crash Annotation GraphicsCriticalError: |[G0][GFX1-]: RcANGLE(no compositor window) (t=34.5199) |[G1][GFX1-]: [D3D11] create swap chain failed: 0x887a0022, 0 (t=36.2399) [GFX1-]: [D3D11] create swap chain failed: 0x887a0022, 0
Crash Annotation GraphicsCriticalError: |[G0][GFX1-]: RcANGLE(no compositor window) (t=34.5199) |[G1][GFX1-]: [D3D11] create swap chain failed: 0x887a0022, 0 (t=36.2399) |[G2][GFX1-]: Failed to initialize CompositorD3D11 for SWGL: FEATURE_FAILURE_D3D11_SWAP_CHAIN (t=36.2399) [GFX1-]: Failed to initialize CompositorD3D11 for SWGL: FEATURE_FAILURE_D3D11_SWAP_CHAIN
Crash Annotation GraphicsCriticalError: |[G0][GFX1-]: RcANGLE(no compositor window) (t=34.5199) |[G1][GFX1-]: [D3D11] create swap chain failed: 0x887a0022, 0 (t=36.2399) |[G2][GFX1-]: Failed to initialize CompositorD3D11 for SWGL: FEATURE_FAILURE_D3D11_SWAP_CHAIN (t=36.2399) |[G3][GFX1-]: [D3D11] create swap chain failed: 0x887a0022, 0 (t=38.4299) [GFX1-]: [D3D11] create swap chain failed: 0x887a0022, 0
Crash Annotation GraphicsCriticalError: |[G0][GFX1-]: RcANGLE(no compositor window) (t=34.5199) |[G1][GFX1-]: [D3D11] create swap chain failed: 0x887a0022, 0 (t=36.2399) |[G2][GFX1-]: Failed to initialize CompositorD3D11 for SWGL: FEATURE_FAILURE_D3D11_SWAP_CHAIN (t=36.2399) |[G3][GFX1-]: [D3D11] create swap chain failed: 0x887a0022, 0 (t=38.4299) |[G4][GFX1-]: Failed to initialize CompositorD3D11 for SWGL: FEATURE_FAILURE_D3D11_SWAP_CHAIN (t=38.4299) [GFX1-]: Failed to initialize CompositorD3D11 for SWGL: FEATURE_FAILURE_D3D11_SWAP_CHAIN
JavaScript error: resource://gre/modules/XULStore.jsm, line 66: Error: Can't find profile directory.
Crash Annotation GraphicsCriticalError: |[G0][GFX1-]: RcANGLE(no compositor window) (t=34.5199) |[G1][GFX1-]: [D3D11] create swap chain failed: 0x887a0022, 0 (t=36.2399) |[G2][GFX1-]: Failed to initialize CompositorD3D11 for SWGL: FEATURE_FAILURE_D3D11_SWAP_CHAIN (t=36.2399) |[G3][GFX1-]: [D3D11] create swap chain failed: 0x887a0022, 0 (t=38.4299) |[G4][GFX1-]: Failed to initialize CompositorD3D11 for SWGL: FEATURE_FAILURE_D3D11_SWAP_CHAIN (t=38.4299) |[G5][GFX1-]: [D3D11] create swap chain failed: 0x887a0022, 0 (t=115.62) [GFX1-]: [D3D11] create swap chain failed: 0x887a0022, 0
Crash Annotation GraphicsCriticalError: |[G0][GFX1-]: RcANGLE(no compositor window) (t=34.5199) |[G1][GFX1-]: [D3D11] create swap chain failed: 0x887a0022, 0 (t=36.2399) |[G2][GFX1-]: Failed to initialize CompositorD3D11 for SWGL: FEATURE_FAILURE_D3D11_SWAP_CHAIN (t=36.2399) |[G3][GFX1-]: [D3D11] create swap chain failed: 0x887a0022, 0 (t=38.4299) |[G4][GFX1-]: Failed to initialize CompositorD3D11 for SWGL: FEATURE_FAILURE_D3D11_SWAP_CHAIN (t=38.4299) |[G5][GFX1-]: [D3D11] create swap chain failed: 0x887a0022, 0 (t=115.62) |[G6][GFX1-]: Failed to initialize CompositorD3D11 for SWGL: FEATURE_FAILURE_D3D11_SWAP_CHAIN (t=115.77) [GFX1-]: Failed to initialize CompositorD3D11 for SWGL: FEATURE_FAILURE_D3D11_SWAP_CHAIN

###!!! [Parent][RunMessage] Error: Channel error: cannot send/recv


###!!! [Parent][RunMessage] Error: Channel error: cannot send/recv


Build info: version: '2.53.1', revision: 'a36b8b1', time: '2016-06-30 17:32:46'
System info: host: 'Yogesh', ip: '192.168.29.97', os.name: 'Windows 10', os.arch: 'amd64', os.version: '10.0', java.version: '1.8.0_66'
Driver info: driver.version: FirefoxDriver
	at org.openqa.selenium.firefox.internal.NewProfileExtensionConnection.start(NewProfileExtensionConnection.java:124)
	at org.openqa.selenium.firefox.FirefoxDriver.startClient(FirefoxDriver.java:271)
	at org.openqa.selenium.remote.RemoteWebDriver.<init>(RemoteWebDriver.java:119)
	at org.openqa.selenium.firefox.FirefoxDriver.<init>(FirefoxDriver.java:218)
	at org.openqa.selenium.firefox.FirefoxDriver.<init>(FirefoxDriver.java:211)
	at org.openqa.selenium.firefox.FirefoxDriver.<init>(FirefoxDriver.java:207)
	at org.openqa.selenium.firefox.FirefoxDriver.<init>(FirefoxDriver.java:120)
	at packageOne.ClassFour.testFour(Unknown Source)
	at sun.reflect.NativeMethodAccessorImpl.invoke0(Native Method)
	at sun.reflect.NativeMethodAccessorImpl.invoke(NativeMethodAccessorImpl.java:62)
	at sun.reflect.DelegatingMethodAccessorImpl.invoke(DelegatingMethodAccessorImpl.java:43)
	at java.lang.reflect.Method.invoke(Method.java:497)
	at org.testng.internal.MethodInvocationHelper.invokeMethod(MethodInvocationHelper.java:85)
	at org.testng.internal.Invoker.invokeMethod(Invoker.java:639)
	at org.testng.internal.Invoker.invokeTestMethod(Invoker.java:816)
	at org.testng.internal.Invoker.invokeTestMethods(Invoker.java:1124)
	at org.testng.internal.TestMethodWorker.invokeTestMethods(TestMethodWorker.java:125)
	at org.testng.internal.TestMethodWorker.run(TestMethodWorker.java:108)
	at org.testng.TestRunner.privateRun(TestRunner.java:774)
	at org.testng.TestRunner.run(TestRunner.java:624)
	at org.testng.SuiteRunner.runTest(SuiteRunner.java:359)
	at org.testng.SuiteRunner.runSequentially(SuiteRunner.java:354)
	at org.testng.SuiteRunner.privateRun(SuiteRunner.java:312)
	at org.testng.SuiteRunner.run(SuiteRunner.java:261)
	at org.testng.SuiteRunnerWorker.runSuite(SuiteRunnerWorker.java:52)
	at org.testng.SuiteRunnerWorker.run(SuiteRunnerWorker.java:86)
	at org.testng.TestNG.runSuitesSequentially(TestNG.java:1215)
	at org.testng.TestNG.runSuitesLocally(TestNG.java:1140)
	at org.testng.TestNG.run(TestNG.java:1048)
	at org.testng.TestNG.privateMain(TestNG.java:1355)
	at org.testng.TestNG.main(TestNG.java:1324)
Caused by: org.openqa.selenium.firefox.NotConnectedException: Unable to connect to host 127.0.0.1 on port 7055 after 45000 ms. Firefox console output:
Crash Annotation GraphicsCriticalError: |[G0][GFX1-]: RcANGLE(no compositor window) (t=34.5199) [GFX1-]: RcANGLE(no compositor window)
Crash Annotation GraphicsCriticalError: |[0][GFX1-]: Failed to connect WebRenderBridgeChild. (t=109.935) [GFX1-]: Failed to connect WebRenderBridgeChild.
Crash Annotation GraphicsCriticalError: |[0][GFX1-]: Failed to connect WebRenderBridgeChild. (t=109.935) |[1][GFX1-]: Fallback WR to SW-WR + D3D11 (t=109.935) [GFX1-]: Fallback WR to SW-WR + D3D11
Crash Annotation GraphicsCriticalError: |[G0][GFX1-]: RcANGLE(no compositor window) (t=34.5199) |[G1][GFX1-]: [D3D11] create swap chain failed: 0x887a0022, 0 (t=36.2399) [GFX1-]: [D3D11] create swap chain failed: 0x887a0022, 0
Crash Annotation GraphicsCriticalError: |[G0][GFX1-]: RcANGLE(no compositor window) (t=34.5199) |[G1][GFX1-]: [D3D11] create swap chain failed: 0x887a0022, 0 (t=36.2399) |[G2][GFX1-]: Failed to initialize CompositorD3D11 for SWGL: FEATURE_FAILURE_D3D11_SWAP_CHAIN (t=36.2399) [GFX1-]: Failed to initialize CompositorD3D11 for SWGL: FEATURE_FAILURE_D3D11_SWAP_CHAIN
Crash Annotation GraphicsCriticalError: |[G0][GFX1-]: RcANGLE(no compositor window) (t=34.5199) |[G1][GFX1-]: [D3D11] create swap chain failed: 0x887a0022, 0 (t=36.2399) |[G2][GFX1-]: Failed to initialize CompositorD3D11 for SWGL: FEATURE_FAILURE_D3D11_SWAP_CHAIN (t=36.2399) |[G3][GFX1-]: [D3D11] create swap chain failed: 0x887a0022, 0 (t=38.4299) [GFX1-]: [D3D11] create swap chain failed: 0x887a0022, 0
Crash Annotation GraphicsCriticalError: |[G0][GFX1-]: RcANGLE(no compositor window) (t=34.5199) |[G1][GFX1-]: [D3D11] create swap chain failed: 0x887a0022, 0 (t=36.2399) |[G2][GFX1-]: Failed to initialize CompositorD3D11 for SWGL: FEATURE_FAILURE_D3D11_SWAP_CHAIN (t=36.2399) |[G3][GFX1-]: [D3D11] create swap chain failed: 0x887a0022, 0 (t=38.4299) |[G4][GFX1-]: Failed to initialize CompositorD3D11 for SWGL: FEATURE_FAILURE_D3D11_SWAP_CHAIN (t=38.4299) [GFX1-]: Failed to initialize CompositorD3D11 for SWGL: FEATURE_FAILURE_D3D11_SWAP_CHAIN
JavaScript error: resource://gre/modules/XULStore.jsm, line 66: Error: Can't find profile directory.
Crash Annotation GraphicsCriticalError: |[G0][GFX1-]: RcANGLE(no compositor window) (t=34.5199) |[G1][GFX1-]: [D3D11] create swap chain failed: 0x887a0022, 0 (t=36.2399) |[G2][GFX1-]: Failed to initialize CompositorD3D11 for SWGL: FEATURE_FAILURE_D3D11_SWAP_CHAIN (t=36.2399) |[G3][GFX1-]: [D3D11] create swap chain failed: 0x887a0022, 0 (t=38.4299) |[G4][GFX1-]: Failed to initialize CompositorD3D11 for SWGL: FEATURE_FAILURE_D3D11_SWAP_CHAIN (t=38.4299) |[G5][GFX1-]: [D3D11] create swap chain failed: 0x887a0022, 0 (t=115.62) [GFX1-]: [D3D11] create swap chain failed: 0x887a0022, 0
Crash Annotation GraphicsCriticalError: |[G0][GFX1-]: RcANGLE(no compositor window) (t=34.5199) |[G1][GFX1-]: [D3D11] create swap chain failed: 0x887a0022, 0 (t=36.2399) |[G2][GFX1-]: Failed to initialize CompositorD3D11 for SWGL: FEATURE_FAILURE_D3D11_SWAP_CHAIN (t=36.2399) |[G3][GFX1-]: [D3D11] create swap chain failed: 0x887a0022, 0 (t=38.4299) |[G4][GFX1-]: Failed to initialize CompositorD3D11 for SWGL: FEATURE_FAILURE_D3D11_SWAP_CHAIN (t=38.4299) |[G5][GFX1-]: [D3D11] create swap chain failed: 0x887a0022, 0 (t=115.62) |[G6][GFX1-]: Failed to initialize CompositorD3D11 for SWGL: FEATURE_FAILURE_D3D11_SWAP_CHAIN (t=115.77) [GFX1-]: Failed to initialize CompositorD3D11 for SWGL: FEATURE_FAILURE_D3D11_SWAP_CHAIN

###!!! [Parent][RunMessage] Error: Channel error: cannot send/recv


###!!! [Parent][RunMessage] Error: Channel error: cannot send/recv


	at org.openqa.selenium.firefox.internal.NewProfileExtensionConnection.start(NewProfileExtensionConnection.java:112)
	... 30 more
]]>
            </full-stacktrace>
          </exception> <!-- org.openqa.selenium.WebDriverException -->
          <reporter-output>
          </reporter-output>
        </test-method> <!-- testFour -->
      </class> <!-- packageOne.ClassFour -->
      <class name="packageOne.ClassThree">
        <test-method status="FAIL" signature="testThree()[pri:0, instance:packageOne.ClassThree@61a52fbd]" name="testThree" duration-ms="65350" started-at="2021-10-15T20:56:03Z" finished-at="2021-10-15T20:57:09Z">
          <exception class="org.openqa.selenium.WebDriverException">
            <message>
              <![CDATA[Failed to connect to binary FirefoxBinary(C:\Program Files (x86)\Mozilla Firefox\firefox.exe) on port 7055; process output follows: 
Crash Annotation GraphicsCriticalError: |[G0][GFX1-]: RcANGLE(no compositor window) (t=32.0585) [GFX1-]: RcANGLE(no compositor window)
Crash Annotation GraphicsCriticalError: |[0][GFX1-]: Failed to connect WebRenderBridgeChild. (t=55.2227) [GFX1-]: Failed to connect WebRenderBridgeChild.
Crash Annotation GraphicsCriticalError: |[0][GFX1-]: Failed to connect WebRenderBridgeChild. (t=55.2227) |[1][GFX1-]: Fallback WR to SW-WR + D3D11 (t=55.2227) [GFX1-]: Fallback WR to SW-WR + D3D11
Crash Annotation GraphicsCriticalError: |[G0][GFX1-]: RcANGLE(no compositor window) (t=32.0585) |[G1][GFX1-]: [D3D11] create swap chain failed: 0x887a0022, 0 (t=33.9284) [GFX1-]: [D3D11] create swap chain failed: 0x887a0022, 0
Crash Annotation GraphicsCriticalError: |[G0][GFX1-]: RcANGLE(no compositor window) (t=32.0585) |[G1][GFX1-]: [D3D11] create swap chain failed: 0x887a0022, 0 (t=33.9284) |[G2][GFX1-]: Failed to initialize CompositorD3D11 for SWGL: FEATURE_FAILURE_D3D11_SWAP_CHAIN (t=33.9284) [GFX1-]: Failed to initialize CompositorD3D11 for SWGL: FEATURE_FAILURE_D3D11_SWAP_CHAIN
Crash Annotation GraphicsCriticalError: |[G0][GFX1-]: RcANGLE(no compositor window) (t=32.0585) |[G1][GFX1-]: [D3D11] create swap chain failed: 0x887a0022, 0 (t=33.9284) |[G2][GFX1-]: Failed to initialize CompositorD3D11 for SWGL: FEATURE_FAILURE_D3D11_SWAP_CHAIN (t=33.9284) |[G3][GFX1-]: [D3D11] create swap chain failed: 0x887a0022, 0 (t=85.8084) [GFX1-]: [D3D11] create swap chain failed: 0x887a0022, 0
Crash Annotation GraphicsCriticalError: |[G0][GFX1-]: RcANGLE(no compositor window) (t=32.0585) |[G1][GFX1-]: [D3D11] create swap chain failed: 0x887a0022, 0 (t=33.9284) |[G2][GFX1-]: Failed to initialize CompositorD3D11 for SWGL: FEATURE_FAILURE_D3D11_SWAP_CHAIN (t=33.9284) |[G3][GFX1-]: [D3D11] create swap chain failed: 0x887a0022, 0 (t=85.8084) |[G4][GFX1-]: Failed to initialize CompositorD3D11 for SWGL: FEATURE_FAILURE_D3D11_SWAP_CHAIN (t=85.9685) [GFX1-]: Failed to initialize CompositorD3D11 for SWGL: FEATURE_FAILURE_D3D11_SWAP_CHAIN
JavaScript error: resource://gre/modules/XULStore.jsm, line 66: Error: Can't find profile directory.
Crash Annotation GraphicsCriticalError: |[G0][GFX1-]: RcANGLE(no compositor window) (t=32.0585) |[G1][GFX1-]: [D3D11] create swap chain failed: 0x887a0022, 0 (t=33.9284) |[G2][GFX1-]: Failed to initialize CompositorD3D11 for SWGL: FEATURE_FAILURE_D3D11_SWAP_CHAIN (t=33.9284) |[G3][GFX1-]: [D3D11] create swap chain failed: 0x887a0022, 0 (t=85.8084) |[G4][GFX1-]: Failed to initialize CompositorD3D11 for SWGL: FEATURE_FAILURE_D3D11_SWAP_CHAIN (t=85.9685) |[G5][GFX1-]: [D3D11] create swap chain failed: 0x887a0022, 0 (t=217.678) [GFX1-]: [D3D11] create swap chain failed: 0x887a0022, 0
Crash Annotation GraphicsCriticalError: |[G0][GFX1-]: RcANGLE(no compositor window) (t=32.0585) |[G1][GFX1-]: [D3D11] create swap chain failed: 0x887a0022, 0 (t=33.9284) |[G2][GFX1-]: Failed to initialize CompositorD3D11 for SWGL: FEATURE_FAILURE_D3D11_SWAP_CHAIN (t=33.9284) |[G3][GFX1-]: [D3D11] create swap chain failed: 0x887a0022, 0 (t=85.8084) |[G4][GFX1-]: Failed to initialize CompositorD3D11 for SWGL: FEATURE_FAILURE_D3D11_SWAP_CHAIN (t=85.9685) |[G5][GFX1-]: [D3D11] create swap chain failed: 0x887a0022, 0 (t=217.678) |[G6][GFX1-]: Failed to initialize CompositorD3D11 for SWGL: FEATURE_FAILURE_D3D11_SWAP_CHAIN (t=217.678) [GFX1-]: Failed to initialize CompositorD3D11 for SWGL: FEATURE_FAILURE_D3D11_SWAP_CHAIN

Build info: version: '2.53.1', revision: 'a36b8b1', time: '2016-06-30 17:32:46'
System info: host: 'Yogesh', ip: '192.168.29.97', os.name: 'Windows 10', os.arch: 'amd64', os.version: '10.0', java.version: '1.8.0_66'
Driver info: driver.version: FirefoxDriver]]>
            </message>
            <full-stacktrace>
              <![CDATA[org.openqa.selenium.WebDriverException: Failed to connect to binary FirefoxBinary(C:\Program Files (x86)\Mozilla Firefox\firefox.exe) on port 7055; process output follows: 
Crash Annotation GraphicsCriticalError: |[G0][GFX1-]: RcANGLE(no compositor window) (t=32.0585) [GFX1-]: RcANGLE(no compositor window)
Crash Annotation GraphicsCriticalError: |[0][GFX1-]: Failed to connect WebRenderBridgeChild. (t=55.2227) [GFX1-]: Failed to connect WebRenderBridgeChild.
Crash Annotation GraphicsCriticalError: |[0][GFX1-]: Failed to connect WebRenderBridgeChild. (t=55.2227) |[1][GFX1-]: Fallback WR to SW-WR + D3D11 (t=55.2227) [GFX1-]: Fallback WR to SW-WR + D3D11
Crash Annotation GraphicsCriticalError: |[G0][GFX1-]: RcANGLE(no compositor window) (t=32.0585) |[G1][GFX1-]: [D3D11] create swap chain failed: 0x887a0022, 0 (t=33.9284) [GFX1-]: [D3D11] create swap chain failed: 0x887a0022, 0
Crash Annotation GraphicsCriticalError: |[G0][GFX1-]: RcANGLE(no compositor window) (t=32.0585) |[G1][GFX1-]: [D3D11] create swap chain failed: 0x887a0022, 0 (t=33.9284) |[G2][GFX1-]: Failed to initialize CompositorD3D11 for SWGL: FEATURE_FAILURE_D3D11_SWAP_CHAIN (t=33.9284) [GFX1-]: Failed to initialize CompositorD3D11 for SWGL: FEATURE_FAILURE_D3D11_SWAP_CHAIN
Crash Annotation GraphicsCriticalError: |[G0][GFX1-]: RcANGLE(no compositor window) (t=32.0585) |[G1][GFX1-]: [D3D11] create swap chain failed: 0x887a0022, 0 (t=33.9284) |[G2][GFX1-]: Failed to initialize CompositorD3D11 for SWGL: FEATURE_FAILURE_D3D11_SWAP_CHAIN (t=33.9284) |[G3][GFX1-]: [D3D11] create swap chain failed: 0x887a0022, 0 (t=85.8084) [GFX1-]: [D3D11] create swap chain failed: 0x887a0022, 0
Crash Annotation GraphicsCriticalError: |[G0][GFX1-]: RcANGLE(no compositor window) (t=32.0585) |[G1][GFX1-]: [D3D11] create swap chain failed: 0x887a0022, 0 (t=33.9284) |[G2][GFX1-]: Failed to initialize CompositorD3D11 for SWGL: FEATURE_FAILURE_D3D11_SWAP_CHAIN (t=33.9284) |[G3][GFX1-]: [D3D11] create swap chain failed: 0x887a0022, 0 (t=85.8084) |[G4][GFX1-]: Failed to initialize CompositorD3D11 for SWGL: FEATURE_FAILURE_D3D11_SWAP_CHAIN (t=85.9685) [GFX1-]: Failed to initialize CompositorD3D11 for SWGL: FEATURE_FAILURE_D3D11_SWAP_CHAIN
JavaScript error: resource://gre/modules/XULStore.jsm, line 66: Error: Can't find profile directory.
Crash Annotation GraphicsCriticalError: |[G0][GFX1-]: RcANGLE(no compositor window) (t=32.0585) |[G1][GFX1-]: [D3D11] create swap chain failed: 0x887a0022, 0 (t=33.9284) |[G2][GFX1-]: Failed to initialize CompositorD3D11 for SWGL: FEATURE_FAILURE_D3D11_SWAP_CHAIN (t=33.9284) |[G3][GFX1-]: [D3D11] create swap chain failed: 0x887a0022, 0 (t=85.8084) |[G4][GFX1-]: Failed to initialize CompositorD3D11 for SWGL: FEATURE_FAILURE_D3D11_SWAP_CHAIN (t=85.9685) |[G5][GFX1-]: [D3D11] create swap chain failed: 0x887a0022, 0 (t=217.678) [GFX1-]: [D3D11] create swap chain failed: 0x887a0022, 0
Crash Annotation GraphicsCriticalError: |[G0][GFX1-]: RcANGLE(no compositor window) (t=32.0585) |[G1][GFX1-]: [D3D11] create swap chain failed: 0x887a0022, 0 (t=33.9284) |[G2][GFX1-]: Failed to initialize CompositorD3D11 for SWGL: FEATURE_FAILURE_D3D11_SWAP_CHAIN (t=33.9284) |[G3][GFX1-]: [D3D11] create swap chain failed: 0x887a0022, 0 (t=85.8084) |[G4][GFX1-]: Failed to initialize CompositorD3D11 for SWGL: FEATURE_FAILURE_D3D11_SWAP_CHAIN (t=85.9685) |[G5][GFX1-]: [D3D11] create swap chain failed: 0x887a0022, 0 (t=217.678) |[G6][GFX1-]: Failed to initialize CompositorD3D11 for SWGL: FEATURE_FAILURE_D3D11_SWAP_CHAIN (t=217.678) [GFX1-]: Failed to initialize CompositorD3D11 for SWGL: FEATURE_FAILURE_D3D11_SWAP_CHAIN

Build info: version: '2.53.1', revision: 'a36b8b1', time: '2016-06-30 17:32:46'
System info: host: 'Yogesh', ip: '192.168.29.97', os.name: 'Windows 10', os.arch: 'amd64', os.version: '10.0', java.version: '1.8.0_66'
Driver info: driver.version: FirefoxDriver
	at org.openqa.selenium.firefox.internal.NewProfileExtensionConnection.start(NewProfileExtensionConnection.java:124)
	at org.openqa.selenium.firefox.FirefoxDriver.startClient(FirefoxDriver.java:271)
	at org.openqa.selenium.remote.RemoteWebDriver.<init>(RemoteWebDriver.java:119)
	at org.openqa.selenium.firefox.FirefoxDriver.<init>(FirefoxDriver.java:218)
	at org.openqa.selenium.firefox.FirefoxDriver.<init>(FirefoxDriver.java:211)
	at org.openqa.selenium.firefox.FirefoxDriver.<init>(FirefoxDriver.java:207)
	at org.openqa.selenium.firefox.FirefoxDriver.<init>(FirefoxDriver.java:120)
	at packageOne.ClassThree.testThree(Unknown Source)
	at sun.reflect.NativeMethodAccessorImpl.invoke0(Native Method)
	at sun.reflect.NativeMethodAccessorImpl.invoke(NativeMethodAccessorImpl.java:62)
	at sun.reflect.DelegatingMethodAccessorImpl.invoke(DelegatingMethodAccessorImpl.java:43)
	at java.lang.reflect.Method.invoke(Method.java:497)
	at org.testng.internal.MethodInvocationHelper.invokeMethod(MethodInvocationHelper.java:85)
	at org.testng.internal.Invoker.invokeMethod(Invoker.java:639)
	at org.testng.internal.Invoker.invokeTestMethod(Invoker.java:816)
	at org.testng.internal.Invoker.invokeTestMethods(Invoker.java:1124)
	at org.testng.internal.TestMethodWorker.invokeTestMethods(TestMethodWorker.java:125)
	at org.testng.internal.TestMethodWorker.run(TestMethodWorker.java:108)
	at org.testng.TestRunner.privateRun(TestRunner.java:774)
	at org.testng.TestRunner.run(TestRunner.java:624)
	at org.testng.SuiteRunner.runTest(SuiteRunner.java:359)
	at org.testng.SuiteRunner.runSequentially(SuiteRunner.java:354)
	at org.testng.SuiteRunner.privateRun(SuiteRunner.java:312)
	at org.testng.SuiteRunner.run(SuiteRunner.java:261)
	at org.testng.SuiteRunnerWorker.runSuite(SuiteRunnerWorker.java:52)
	at org.testng.SuiteRunnerWorker.run(SuiteRunnerWorker.java:86)
	at org.testng.TestNG.runSuitesSequentially(TestNG.java:1215)
	at org.testng.TestNG.runSuitesLocally(TestNG.java:1140)
	at org.testng.TestNG.run(TestNG.java:1048)
	at org.testng.TestNG.privateMain(TestNG.java:1355)
	at org.testng.TestNG.main(TestNG.java:1324)
Caused by: org.openqa.selenium.firefox.NotConnectedException: Unable to connect to host 127.0.0.1 on port 7055 after 45000 ms. Firefox console output:
Crash Annotation GraphicsCriticalError: |[G0][GFX1-]: RcANGLE(no compositor window) (t=32.0585) [GFX1-]: RcANGLE(no compositor window)
Crash Annotation GraphicsCriticalError: |[0][GFX1-]: Failed to connect WebRenderBridgeChild. (t=55.2227) [GFX1-]: Failed to connect WebRenderBridgeChild.
Crash Annotation GraphicsCriticalError: |[0][GFX1-]: Failed to connect WebRenderBridgeChild. (t=55.2227) |[1][GFX1-]: Fallback WR to SW-WR + D3D11 (t=55.2227) [GFX1-]: Fallback WR to SW-WR + D3D11
Crash Annotation GraphicsCriticalError: |[G0][GFX1-]: RcANGLE(no compositor window) (t=32.0585) |[G1][GFX1-]: [D3D11] create swap chain failed: 0x887a0022, 0 (t=33.9284) [GFX1-]: [D3D11] create swap chain failed: 0x887a0022, 0
Crash Annotation GraphicsCriticalError: |[G0][GFX1-]: RcANGLE(no compositor window) (t=32.0585) |[G1][GFX1-]: [D3D11] create swap chain failed: 0x887a0022, 0 (t=33.9284) |[G2][GFX1-]: Failed to initialize CompositorD3D11 for SWGL: FEATURE_FAILURE_D3D11_SWAP_CHAIN (t=33.9284) [GFX1-]: Failed to initialize CompositorD3D11 for SWGL: FEATURE_FAILURE_D3D11_SWAP_CHAIN
Crash Annotation GraphicsCriticalError: |[G0][GFX1-]: RcANGLE(no compositor window) (t=32.0585) |[G1][GFX1-]: [D3D11] create swap chain failed: 0x887a0022, 0 (t=33.9284) |[G2][GFX1-]: Failed to initialize CompositorD3D11 for SWGL: FEATURE_FAILURE_D3D11_SWAP_CHAIN (t=33.9284) |[G3][GFX1-]: [D3D11] create swap chain failed: 0x887a0022, 0 (t=85.8084) [GFX1-]: [D3D11] create swap chain failed: 0x887a0022, 0
Crash Annotation GraphicsCriticalError: |[G0][GFX1-]: RcANGLE(no compositor window) (t=32.0585) |[G1][GFX1-]: [D3D11] create swap chain failed: 0x887a0022, 0 (t=33.9284) |[G2][GFX1-]: Failed to initialize CompositorD3D11 for SWGL: FEATURE_FAILURE_D3D11_SWAP_CHAIN (t=33.9284) |[G3][GFX1-]: [D3D11] create swap chain failed: 0x887a0022, 0 (t=85.8084) |[G4][GFX1-]: Failed to initialize CompositorD3D11 for SWGL: FEATURE_FAILURE_D3D11_SWAP_CHAIN (t=85.9685) [GFX1-]: Failed to initialize CompositorD3D11 for SWGL: FEATURE_FAILURE_D3D11_SWAP_CHAIN
JavaScript error: resource://gre/modules/XULStore.jsm, line 66: Error: Can't find profile directory.
Crash Annotation GraphicsCriticalError: |[G0][GFX1-]: RcANGLE(no compositor window) (t=32.0585) |[G1][GFX1-]: [D3D11] create swap chain failed: 0x887a0022, 0 (t=33.9284) |[G2][GFX1-]: Failed to initialize CompositorD3D11 for SWGL: FEATURE_FAILURE_D3D11_SWAP_CHAIN (t=33.9284) |[G3][GFX1-]: [D3D11] create swap chain failed: 0x887a0022, 0 (t=85.8084) |[G4][GFX1-]: Failed to initialize CompositorD3D11 for SWGL: FEATURE_FAILURE_D3D11_SWAP_CHAIN (t=85.9685) |[G5][GFX1-]: [D3D11] create swap chain failed: 0x887a0022, 0 (t=217.678) [GFX1-]: [D3D11] create swap chain failed: 0x887a0022, 0
Crash Annotation GraphicsCriticalError: |[G0][GFX1-]: RcANGLE(no compositor window) (t=32.0585) |[G1][GFX1-]: [D3D11] create swap chain failed: 0x887a0022, 0 (t=33.9284) |[G2][GFX1-]: Failed to initialize CompositorD3D11 for SWGL: FEATURE_FAILURE_D3D11_SWAP_CHAIN (t=33.9284) |[G3][GFX1-]: [D3D11] create swap chain failed: 0x887a0022, 0 (t=85.8084) |[G4][GFX1-]: Failed to initialize CompositorD3D11 for SWGL: FEATURE_FAILURE_D3D11_SWAP_CHAIN (t=85.9685) |[G5][GFX1-]: [D3D11] create swap chain failed: 0x887a0022, 0 (t=217.678) |[G6][GFX1-]: Failed to initialize CompositorD3D11 for SWGL: FEATURE_FAILURE_D3D11_SWAP_CHAIN (t=217.678) [GFX1-]: Failed to initialize CompositorD3D11 for SWGL: FEATURE_FAILURE_D3D11_SWAP_CHAIN

	at org.openqa.selenium.firefox.internal.NewProfileExtensionConnection.start(NewProfileExtensionConnection.java:112)
	... 30 more
]]>
            </full-stacktrace>
          </exception> <!-- org.openqa.selenium.WebDriverException -->
          <reporter-output>
          </reporter-output>
        </test-method> <!-- testThree -->
      </class> <!-- packageOne.ClassThree -->
    </test> <!-- TestOne -->
  </suite> <!-- Suite -->
</testng-results>
